<?xml version="1.0" encoding="UTF-8"?>
<!-- Generated by org.testng.reporters.JUnitXMLReporter -->
<testsuite hostname="olgas-Air.fios-router.home" ignored="2" name="Default test" tests="1" failures="0" timestamp="03 Dec 2019 02:18:22 GMT" time="21.765" errors="0">
  <testcase name="loginTest" time="4.14" classname="Tests.LoginPageTest"/>
  <testcase name="loginPageTitleTest" time="0.0" classname="Tests.LoginPageTest">
    <ignored/>
  </testcase> <!-- loginPageTitleTest -->
  <testcase name="loginWithInvalidPassword" time="0.0" classname="Tests.LoginPageTest">
    <ignored/>
  </testcase> <!-- loginWithInvalidPassword -->
</testsuite> <!-- Default test -->
