<?xml version="1.0" encoding="UTF-8"?>
<testng-results skipped="0" failed="0" ignored="2" total="3" passed="1">
  <reporter-output>
  </reporter-output>
  <suite name="Default suite" duration-ms="21765" started-at="2019-12-03T02:18:00Z" finished-at="2019-12-03T02:18:22Z">
    <groups>
    </groups>
    <test name="Default test" duration-ms="21765" started-at="2019-12-03T02:18:00Z" finished-at="2019-12-03T02:18:22Z">
      <class name="Tests.LoginPageTest">
        <test-method status="PASS" signature="setUp()[pri:0, instance:Tests.LoginPageTest@2555fff0]" name="setUp" is-config="true" duration-ms="16991" started-at="2019-12-03T02:18:00Z" finished-at="2019-12-03T02:18:17Z">
          <reporter-output>
          </reporter-output>
        </test-method> <!-- setUp -->
        <test-method status="PASS" signature="loginTest()[pri:3, instance:Tests.LoginPageTest@2555fff0]" name="loginTest" duration-ms="4140" started-at="2019-12-03T02:18:17Z" description=" helga Valid username, valid password" finished-at="2019-12-03T02:18:22Z">
          <reporter-output>
          </reporter-output>
        </test-method> <!-- loginTest -->
        <test-method status="PASS" signature="tearDown()[pri:0, instance:Tests.LoginPageTest@2555fff0]" name="tearDown" is-config="true" duration-ms="263" started-at="2019-12-03T02:18:22Z" finished-at="2019-12-03T02:18:22Z">
          <reporter-output>
          </reporter-output>
        </test-method> <!-- tearDown -->
      </class> <!-- Tests.LoginPageTest -->
    </test> <!-- Default test -->
  </suite> <!-- Default suite -->
</testng-results>
